*   Trying ::1...
* TCP_NODELAY set
* Connected to localhost (::1) port 8080 (#0)
* Server auth using Basic with user 'admin'
> POST /geoserver/rest/workspaces/BAPPEDA/datastores/dbgeoportal_public/featuretypes HTTP/1.1
Host: localhost:8080
Authorization: Basic YWRtaW46Z2Vvc2VydmVy
Accept: */*
Content-type: application/xml
Content-Length: 321

* upload completely sent off: 321 out of 321 bytes
< HTTP/1.1 201 Created
< Server: Apache-Coyote/1.1
< X-Frame-Options: SAMEORIGIN
< Location: http://localhost:8080/geoserver/rest/workspaces/BAPPEDA/datastores/dbgeoportal_public/featuretypes/Banjarbakula_AR_50K
< Content-Type: text/plain
< Content-Length: 0
< Date: Thu, 26 May 2022 13:26:03 GMT
< 
* Connection #0 to host localhost left intact
# Successful cURL request to http://localhost:8080/geoserver/rest/workspaces/BAPPEDA/datastores/dbgeoportal_public/featuretypes

